<?xml version="1.0" encoding="UTF-8"?>
<testsuite xmlns:xsi="http://www.w3.org/2001/XMLSchema-instance" xsi:noNamespaceSchemaLocation="https://maven.apache.org/surefire/maven-surefire-plugin/xsd/surefire-test-report-3.0.xsd" version="3.0" name="com.example.demoProject.BookManagementServiceApplicationTests" time="7.89" tests="1" errors="0" skipped="0" failures="0">
  <properties>
[...]
</properties>
  <testcase name="contextLoads" classname="com.example.demoProject.BookManagementServiceApplicationTests" time="1.409">
    <system-out><![CDATA[17:49:32.891 [main] INFO org.springframework.test.context.support.AnnotationConfigContextLoaderUtils -- Could not detect default configuration classes for test class [com.example.demoProject.BookManagementServiceApplicationTests]: BookManagementServiceApplicationTests does not declare any static, non-private, non-final, nested classes annotated with @Configuration.
17:49:33.111 [main] INFO org.springframework.boot.test.context.SpringBootTestContextBootstrapper -- Found @SpringBootConfiguration com.example.demoProject.BookManagementServiceApplication for test class com.example.demoProject.BookManagementServiceApplicationTests
17:49:33.429 [main] INFO org.springframework.boot.devtools.restart.RestartApplicationListener -- Restart disabled due to context in which it is running

  .   ____          _            __ _ _
 /\\ / ___'_ __ _ _(_)_ __  __ _ \ \ \ \
( ( )\___ | '_ | '_| | '_ \/ _` | \ \ \ \
 \\/  ___)| |_)| | | | | || (_| |  ) ) ) )
  '  |____| .__|_| |_|_| |_\__, | / / / /
 =========|_|==============|___/=/_/_/_/

 :: Spring Boot ::                (v3.3.6)

2024-12-16T17:49:33.740+05:30  INFO 20684 --- [BookManagementService] [           main] .d.BookManagementServiceApplicationTests : Starting BookManagementServiceApplicationTests using Java 17.0.8.1 with PID 20684 (started by dsomarou in C:\Users\DSOMAROU\Libarary\BookManagementService\BookManagementService)
2024-12-16T17:49:33.746+05:30  INFO 20684 --- [BookManagementService] [           main] .d.BookManagementServiceApplicationTests : No active profile set, falling back to 1 default profile: "default"
2024-12-16T17:49:35.187+05:30  INFO 20684 --- [BookManagementService] [           main] .s.d.r.c.RepositoryConfigurationDelegate : Bootstrapping Spring Data MongoDB repositories in DEFAULT mode.
2024-12-16T17:49:35.281+05:30  INFO 20684 --- [BookManagementService] [           main] .s.d.r.c.RepositoryConfigurationDelegate : Finished Spring Data repository scanning in 86 ms. Found 1 MongoDB repository interface.
2024-12-16T17:49:36.363+05:30  INFO 20684 --- [BookManagementService] [           main] org.mongodb.driver.client                : MongoClient with metadata {"driver": {"name": "mongo-java-driver|sync|spring-boot", "version": "5.0.1"}, "os": {"type": "Windows", "name": "Windows 11", "architecture": "amd64", "version": "10.0"}, "platform": "Java/Eclipse Adoptium/17.0.8.1+1"} created with settings MongoClientSettings{readPreference=primary, writeConcern=WriteConcern{w=null, wTimeout=null ms, journal=null}, retryWrites=true, retryReads=true, readConcern=ReadConcern{level=null}, credential=MongoCredential{mechanism=null, userName='gopi', source='admin', password=<hidden>, mechanismProperties=<hidden>}, transportSettings=null, commandListeners=[], codecRegistry=ProvidersCodecRegistry{codecProviders=[ValueCodecProvider{}, BsonValueCodecProvider{}, DBRefCodecProvider{}, DBObjectCodecProvider{}, DocumentCodecProvider{}, CollectionCodecProvider{}, IterableCodecProvider{}, MapCodecProvider{}, GeoJsonCodecProvider{}, GridFSFileCodecProvider{}, Jsr310CodecProvider{}, JsonObjectCodecProvider{}, BsonCodecProvider{}, EnumCodecProvider{}, com.mongodb.client.model.mql.ExpressionCodecProvider@14168e1, com.mongodb.Jep395RecordCodecProvider@16a5c7e4, com.mongodb.KotlinCodecProvider@1e225820]}, loggerSettings=LoggerSettings{maxDocumentLength=1000}, clusterSettings={hosts=[127.0.0.1:27017], srvHost=cluster0.msyjg.mongodb.net, srvServiceName=mongodb, mode=MULTIPLE, requiredClusterType=REPLICA_SET, requiredReplicaSetName='atlas-w7lwlu-shard-0', serverSelector='null', clusterListeners='[]', serverSelectionTimeout='30000 ms', localThreshold='15 ms'}, socketSettings=SocketSettings{connectTimeoutMS=10000, readTimeoutMS=0, receiveBufferSize=0, proxySettings=ProxySettings{host=null, port=null, username=null, password=null}}, heartbeatSocketSettings=SocketSettings{connectTimeoutMS=10000, readTimeoutMS=10000, receiveBufferSize=0, proxySettings=ProxySettings{host=null, port=null, username=null, password=null}}, connectionPoolSettings=ConnectionPoolSettings{maxSize=100, minSize=0, maxWaitTimeMS=120000, maxConnectionLifeTimeMS=0, maxConnectionIdleTimeMS=0, maintenanceInitialDelayMS=0, maintenanceFrequencyMS=60000, connectionPoolListeners=[], maxConnecting=2}, serverSettings=ServerSettings{heartbeatFrequencyMS=10000, minHeartbeatFrequencyMS=500, serverListeners='[]', serverMonitorListeners='[]'}, sslSettings=SslSettings{enabled=true, invalidHostNameAllowed=false, context=null}, applicationName='null', compressorList=[], uuidRepresentation=JAVA_LEGACY, serverApi=null, autoEncryptionSettings=null, dnsClient=null, inetAddressResolver=null, contextProvider=null}
2024-12-16T17:49:36.385+05:30  INFO 20684 --- [BookManagementService] [yjg.mongodb.net] org.mongodb.driver.cluster               : Adding discovered server cluster0-shard-00-01.msyjg.mongodb.net:27017 to client view of cluster
2024-12-16T17:49:36.444+05:30  INFO 20684 --- [BookManagementService] [yjg.mongodb.net] org.mongodb.driver.cluster               : Adding discovered server cluster0-shard-00-02.msyjg.mongodb.net:27017 to client view of cluster
2024-12-16T17:49:36.450+05:30  INFO 20684 --- [BookManagementService] [yjg.mongodb.net] org.mongodb.driver.cluster               : Adding discovered server cluster0-shard-00-00.msyjg.mongodb.net:27017 to client view of cluster
2024-12-16T17:49:37.594+05:30  INFO 20684 --- [BookManagementService] [ngodb.net:27017] org.mongodb.driver.cluster               : Monitor thread successfully connected to server with description ServerDescription{address=cluster0-shard-00-02.msyjg.mongodb.net:27017, type=REPLICA_SET_PRIMARY, state=CONNECTED, ok=true, minWireVersion=0, maxWireVersion=25, maxDocumentSize=16777216, logicalSessionTimeoutMinutes=30, roundTripTimeNanos=533903000, setName='atlas-w7lwlu-shard-0', canonicalAddress=cluster0-shard-00-02.msyjg.mongodb.net:27017, hosts=[cluster0-shard-00-00.msyjg.mongodb.net:27017, cluster0-shard-00-01.msyjg.mongodb.net:27017, cluster0-shard-00-02.msyjg.mongodb.net:27017], passives=[], arbiters=[], primary='cluster0-shard-00-02.msyjg.mongodb.net:27017', tagSet=TagSet{[Tag{name='availabilityZone', value='aps1-az2'}, Tag{name='diskState', value='READY'}, Tag{name='nodeType', value='ELECTABLE'}, Tag{name='provider', value='AWS'}, Tag{name='region', value='AP_SOUTH_1'}, Tag{name='workloadType', value='OPERATIONAL'}]}, electionId=7fffffff00000000000001fa, setVersion=158, topologyVersion=TopologyVersion{processId=6751ca43c1972a6a94254071, counter=6}, lastWriteDate=Mon Dec 16 17:49:37 IST 2024, lastUpdateTimeNanos=458487514488400}
2024-12-16T17:49:37.594+05:30  INFO 20684 --- [BookManagementService] [ngodb.net:27017] org.mongodb.driver.cluster               : Monitor thread successfully connected to server with description ServerDescription{address=cluster0-shard-00-01.msyjg.mongodb.net:27017, type=REPLICA_SET_SECONDARY, state=CONNECTED, ok=true, minWireVersion=0, maxWireVersion=25, maxDocumentSize=16777216, logicalSessionTimeoutMinutes=30, roundTripTimeNanos=533857000, setName='atlas-w7lwlu-shard-0', canonicalAddress=cluster0-shard-00-01.msyjg.mongodb.net:27017, hosts=[cluster0-shard-00-00.msyjg.mongodb.net:27017, cluster0-shard-00-01.msyjg.mongodb.net:27017, cluster0-shard-00-02.msyjg.mongodb.net:27017], passives=[], arbiters=[], primary='cluster0-shard-00-02.msyjg.mongodb.net:27017', tagSet=TagSet{[Tag{name='availabilityZone', value='aps1-az3'}, Tag{name='diskState', value='READY'}, Tag{name='nodeType', value='ELECTABLE'}, Tag{name='provider', value='AWS'}, Tag{name='region', value='AP_SOUTH_1'}, Tag{name='workloadType', value='OPERATIONAL'}]}, electionId=null, setVersion=158, topologyVersion=TopologyVersion{processId=6751cca0d4fd9e3940d73c52, counter=3}, lastWriteDate=Mon Dec 16 17:49:37 IST 2024, lastUpdateTimeNanos=458487514488500}
2024-12-16T17:49:37.595+05:30  INFO 20684 --- [BookManagementService] [ngodb.net:27017] org.mongodb.driver.cluster               : Monitor thread successfully connected to server with description ServerDescription{address=cluster0-shard-00-00.msyjg.mongodb.net:27017, type=REPLICA_SET_SECONDARY, state=CONNECTED, ok=true, minWireVersion=0, maxWireVersion=25, maxDocumentSize=16777216, logicalSessionTimeoutMinutes=30, roundTripTimeNanos=534003900, setName='atlas-w7lwlu-shard-0', canonicalAddress=cluster0-shard-00-00.msyjg.mongodb.net:27017, hosts=[cluster0-shard-00-00.msyjg.mongodb.net:27017, cluster0-shard-00-01.msyjg.mongodb.net:27017, cluster0-shard-00-02.msyjg.mongodb.net:27017], passives=[], arbiters=[], primary='cluster0-shard-00-02.msyjg.mongodb.net:27017', tagSet=TagSet{[Tag{name='availabilityZone', value='aps1-az1'}, Tag{name='diskState', value='READY'}, Tag{name='nodeType', value='ELECTABLE'}, Tag{name='provider', value='AWS'}, Tag{name='region', value='AP_SOUTH_1'}, Tag{name='workloadType', value='OPERATIONAL'}]}, electionId=null, setVersion=158, topologyVersion=TopologyVersion{processId=6751cb4d76a5fd49964f4b82, counter=4}, lastWriteDate=Mon Dec 16 17:49:37 IST 2024, lastUpdateTimeNanos=458487514635900}
2024-12-16T17:49:37.600+05:30  INFO 20684 --- [BookManagementService] [ngodb.net:27017] org.mongodb.driver.cluster               : Discovered replica set primary cluster0-shard-00-02.msyjg.mongodb.net:27017 with max election id 7fffffff00000000000001fa and max set version 158
2024-12-16T17:49:39.060+05:30  INFO 20684 --- [BookManagementService] [           main] .d.BookManagementServiceApplicationTests : Started BookManagementServiceApplicationTests in 5.649 seconds (process running for 7.421)
]]></system-out>
  </testcase>
</testsuite>