<?xml version="1.0" encoding="UTF-8"?>
<testsuite xmlns:xsi="http://www.w3.org/2001/XMLSchema-instance" xsi:noNamespaceSchemaLocation="https://maven.apache.org/surefire/maven-surefire-plugin/xsd/surefire-test-report-3.0.xsd" version="3.0" name="com.example.demoProject.controller.BookControllerTest" time="1.552" tests="6" errors="0" skipped="0" failures="0">
  <properties>
[...]
</properties>
  <testcase name="testGetByBookId" classname="com.example.demoProject.controller.BookControllerTest" time="0.096">
    <system-out><![CDATA[2024-12-16T17:49:40.514+05:30  INFO 20684 --- [BookManagementService] [           main] t.c.s.AnnotationConfigContextLoaderUtils : Could not detect default configuration classes for test class [com.example.demoProject.controller.BookControllerTest]: BookControllerTest does not declare any static, non-private, non-final, nested classes annotated with @Configuration.
2024-12-16T17:49:40.587+05:30  INFO 20684 --- [BookManagementService] [           main] .b.t.c.SpringBootTestContextBootstrapper : Found @SpringBootConfiguration com.example.demoProject.BookManagementServiceApplication for test class com.example.demoProject.controller.BookControllerTest
2024-12-16T17:49:40.594+05:30  INFO 20684 --- [BookManagementService] [           main] o.s.b.d.r.RestartApplicationListener     : Restart disabled due to context in which it is running

  .   ____          _            __ _ _
 /\\ / ___'_ __ _ _(_)_ __  __ _ \ \ \ \
( ( )\___ | '_ | '_| | '_ \/ _` | \ \ \ \
 \\/  ___)| |_)| | | | | || (_| |  ) ) ) )
  '  |____| .__|_| |_|_| |_\__, | / / / /
 =========|_|==============|___/=/_/_/_/

 :: Spring Boot ::                (v3.3.6)

2024-12-16T17:49:40.629+05:30  INFO 20684 --- [BookManagementService] [           main] c.e.d.controller.BookControllerTest      : Starting BookControllerTest using Java 17.0.8.1 with PID 20684 (started by dsomarou in C:\Users\DSOMAROU\Libarary\BookManagementService\BookManagementService)
2024-12-16T17:49:40.629+05:30  INFO 20684 --- [BookManagementService] [           main] c.e.d.controller.BookControllerTest      : No active profile set, falling back to 1 default profile: "default"
2024-12-16T17:49:41.892+05:30  INFO 20684 --- [BookManagementService] [           main] o.s.b.t.m.w.SpringBootMockServletContext : Initializing Spring TestDispatcherServlet ''
2024-12-16T17:49:41.892+05:30  INFO 20684 --- [BookManagementService] [           main] o.s.t.web.servlet.TestDispatcherServlet  : Initializing Servlet ''
2024-12-16T17:49:41.895+05:30  INFO 20684 --- [BookManagementService] [           main] o.s.t.web.servlet.TestDispatcherServlet  : Completed initialization in 1 ms
2024-12-16T17:49:41.913+05:30  INFO 20684 --- [BookManagementService] [           main] c.e.d.controller.BookControllerTest      : Started BookControllerTest in 1.32 seconds (process running for 10.272)
]]></system-out>
  </testcase>
  <testcase name="testDeleteBooks" classname="com.example.demoProject.controller.BookControllerTest" time="0.005"/>
  <testcase name="testBookList" classname="com.example.demoProject.controller.BookControllerTest" time="0.007"/>
  <testcase name="testUpdateBooks" classname="com.example.demoProject.controller.BookControllerTest" time="0.004"/>
  <testcase name="testUpdateBook" classname="com.example.demoProject.controller.BookControllerTest" time="0.005"/>
  <testcase name="testCreateBook" classname="com.example.demoProject.controller.BookControllerTest" time="0.004"/>
</testsuite>